<?xml version="1.0" encoding="UTF-8"?>
<testsuite name="bc.bg.tools.chronos.configuration.SampleActuatorNoWebApplicationTests" time="0" tests="1" errors="0" skipped="1" failures="0">
  <properties>
[...]
</properties>
  <testcase name="endpointsExist" classname="bc.bg.tools.chronos.configuration.SampleActuatorNoWebApplicationTests" time="0">
    <skipped/>
    <system-out><![CDATA[01:40:28.987 [main] DEBUG org.springframework.test.context.junit4.SpringJUnit4ClassRunner - SpringJUnit4ClassRunner constructor called with [class bc.bg.tools.chronos.configuration.SampleActuatorNoWebApplicationTests]
01:40:28.996 [main] DEBUG org.springframework.test.context.BootstrapUtils - Instantiating CacheAwareContextLoaderDelegate from class [org.springframework.test.context.cache.DefaultCacheAwareContextLoaderDelegate]
01:40:29.006 [main] DEBUG org.springframework.test.context.BootstrapUtils - Instantiating BootstrapContext using constructor [public org.springframework.test.context.support.DefaultBootstrapContext(java.lang.Class,org.springframework.test.context.CacheAwareContextLoaderDelegate)]
01:40:29.014 [main] DEBUG org.springframework.test.context.BootstrapUtils - Instantiating TestContextBootstrapper for test class [bc.bg.tools.chronos.configuration.SampleActuatorNoWebApplicationTests] from class [org.springframework.test.context.support.DefaultTestContextBootstrapper]
01:40:29.029 [main] INFO org.springframework.test.context.support.DefaultTestContextBootstrapper - Neither @ContextConfiguration nor @ContextHierarchy found for test class [bc.bg.tools.chronos.configuration.SampleActuatorNoWebApplicationTests], using DelegatingSmartContextLoader
01:40:29.033 [main] DEBUG org.springframework.test.context.support.AbstractDelegatingSmartContextLoader - Delegating to GenericXmlContextLoader to process context configuration [ContextConfigurationAttributes@14acaea5 declaringClass = 'bc.bg.tools.chronos.configuration.SampleActuatorNoWebApplicationTests', classes = '{}', locations = '{}', inheritLocations = false, initializers = '{}', inheritInitializers = true, name = [null], contextLoaderClass = 'org.springframework.test.context.ContextLoader'].
01:40:29.036 [main] DEBUG org.springframework.test.context.support.AbstractContextLoader - Did not detect default resource location for test class [bc.bg.tools.chronos.configuration.SampleActuatorNoWebApplicationTests]: class path resource [bc/bg/tools/chronos/configuration/SampleActuatorNoWebApplicationTests-context.xml] does not exist
01:40:29.036 [main] INFO org.springframework.test.context.support.AbstractContextLoader - Could not detect default resource locations for test class [bc.bg.tools.chronos.configuration.SampleActuatorNoWebApplicationTests]: no resource found for suffixes {-context.xml}.
01:40:29.036 [main] DEBUG org.springframework.test.context.support.AbstractDelegatingSmartContextLoader - Delegating to AnnotationConfigContextLoader to process context configuration [ContextConfigurationAttributes@14acaea5 declaringClass = 'bc.bg.tools.chronos.configuration.SampleActuatorNoWebApplicationTests', classes = '{}', locations = '{}', inheritLocations = false, initializers = '{}', inheritInitializers = true, name = [null], contextLoaderClass = 'org.springframework.test.context.ContextLoader'].
01:40:29.037 [main] INFO org.springframework.test.context.support.AnnotationConfigContextLoaderUtils - Could not detect default configuration classes for test class [bc.bg.tools.chronos.configuration.SampleActuatorNoWebApplicationTests]: SampleActuatorNoWebApplicationTests does not declare any static, non-private, non-final, nested classes annotated with @Configuration.
01:40:29.078 [main] DEBUG org.springframework.test.context.support.ActiveProfilesUtils - Could not find an 'annotation declaring class' for annotation type [org.springframework.test.context.ActiveProfiles] and class [bc.bg.tools.chronos.configuration.SampleActuatorNoWebApplicationTests]
01:40:29.079 [main] DEBUG org.springframework.test.context.support.DefaultTestContextBootstrapper - @TestExecutionListeners is not present for class [bc.bg.tools.chronos.configuration.SampleActuatorNoWebApplicationTests]: using defaults.
01:40:29.081 [main] INFO org.springframework.test.context.support.DefaultTestContextBootstrapper - Loaded default TestExecutionListener class names from location [META-INF/spring.factories]: [org.springframework.boot.test.mock.mockito.MockitoTestExecutionListener, org.springframework.boot.test.mock.mockito.ResetMocksTestExecutionListener, org.springframework.boot.test.autoconfigure.restdocs.RestDocsTestExecutionListener, org.springframework.boot.test.autoconfigure.web.client.MockRestServiceServerResetTestExecutionListener, org.springframework.boot.test.autoconfigure.web.servlet.MockMvcPrintOnlyOnFailureTestExecutionListener, org.springframework.boot.test.autoconfigure.web.servlet.WebDriverTestExecutionListener, org.springframework.test.context.web.ServletTestExecutionListener, org.springframework.test.context.support.DirtiesContextBeforeModesTestExecutionListener, org.springframework.test.context.support.DependencyInjectionTestExecutionListener, org.springframework.test.context.support.DirtiesContextTestExecutionListener, org.springframework.test.context.transaction.TransactionalTestExecutionListener, org.springframework.test.context.jdbc.SqlScriptsTestExecutionListener]
01:40:29.098 [main] INFO org.springframework.test.context.support.DefaultTestContextBootstrapper - Could not instantiate TestExecutionListener [org.springframework.test.context.web.ServletTestExecutionListener]. Specify custom listener classes or make the default listener classes (and their required dependencies) available. Offending class: [javax/servlet/ServletContext]
01:40:29.099 [main] INFO org.springframework.test.context.support.DefaultTestContextBootstrapper - Using TestExecutionListeners: [org.springframework.test.context.support.DirtiesContextBeforeModesTestExecutionListener@2781e022, org.springframework.test.context.support.DependencyInjectionTestExecutionListener@57e1b0c, org.springframework.test.context.support.DirtiesContextTestExecutionListener@4232c52b, org.springframework.test.context.transaction.TransactionalTestExecutionListener@1877ab81, org.springframework.test.context.jdbc.SqlScriptsTestExecutionListener@305fd85d, org.springframework.boot.test.autoconfigure.web.client.MockRestServiceServerResetTestExecutionListener@458c1321, org.springframework.boot.test.autoconfigure.web.servlet.WebDriverTestExecutionListener@11438d26, org.springframework.boot.test.mock.mockito.MockitoTestExecutionListener@34cd072c, org.springframework.boot.test.autoconfigure.web.servlet.MockMvcPrintOnlyOnFailureTestExecutionListener@7a1ebcd8, org.springframework.boot.test.autoconfigure.restdocs.RestDocsTestExecutionListener@5faeada1, org.springframework.boot.test.mock.mockito.ResetMocksTestExecutionListener@528931cf]
01:40:29.101 [main] DEBUG org.springframework.test.annotation.ProfileValueUtils - Retrieved @ProfileValueSourceConfiguration [null] for test class [bc.bg.tools.chronos.configuration.SampleActuatorNoWebApplicationTests]
01:40:29.102 [main] DEBUG org.springframework.test.annotation.ProfileValueUtils - Retrieved ProfileValueSource type [class org.springframework.test.annotation.SystemProfileValueSource] for class [bc.bg.tools.chronos.configuration.SampleActuatorNoWebApplicationTests]
01:40:29.104 [main] DEBUG org.springframework.test.context.junit4.SpringJUnit4ClassRunner - SpringJUnit4ClassRunner constructor called with [class bc.bg.tools.chronos.configuration.SampleActuatorNoWebApplicationTests]
01:40:29.104 [main] DEBUG org.springframework.test.context.BootstrapUtils - Instantiating CacheAwareContextLoaderDelegate from class [org.springframework.test.context.cache.DefaultCacheAwareContextLoaderDelegate]
01:40:29.104 [main] DEBUG org.springframework.test.context.BootstrapUtils - Instantiating BootstrapContext using constructor [public org.springframework.test.context.support.DefaultBootstrapContext(java.lang.Class,org.springframework.test.context.CacheAwareContextLoaderDelegate)]
01:40:29.105 [main] DEBUG org.springframework.test.context.BootstrapUtils - Instantiating TestContextBootstrapper for test class [bc.bg.tools.chronos.configuration.SampleActuatorNoWebApplicationTests] from class [org.springframework.test.context.support.DefaultTestContextBootstrapper]
01:40:29.105 [main] INFO org.springframework.test.context.support.DefaultTestContextBootstrapper - Neither @ContextConfiguration nor @ContextHierarchy found for test class [bc.bg.tools.chronos.configuration.SampleActuatorNoWebApplicationTests], using DelegatingSmartContextLoader
01:40:29.105 [main] DEBUG org.springframework.test.context.support.AbstractDelegatingSmartContextLoader - Delegating to GenericXmlContextLoader to process context configuration [ContextConfigurationAttributes@2a556333 declaringClass = 'bc.bg.tools.chronos.configuration.SampleActuatorNoWebApplicationTests', classes = '{}', locations = '{}', inheritLocations = false, initializers = '{}', inheritInitializers = true, name = [null], contextLoaderClass = 'org.springframework.test.context.ContextLoader'].
01:40:29.106 [main] DEBUG org.springframework.test.context.support.AbstractContextLoader - Did not detect default resource location for test class [bc.bg.tools.chronos.configuration.SampleActuatorNoWebApplicationTests]: class path resource [bc/bg/tools/chronos/configuration/SampleActuatorNoWebApplicationTests-context.xml] does not exist
01:40:29.106 [main] INFO org.springframework.test.context.support.AbstractContextLoader - Could not detect default resource locations for test class [bc.bg.tools.chronos.configuration.SampleActuatorNoWebApplicationTests]: no resource found for suffixes {-context.xml}.
01:40:29.106 [main] DEBUG org.springframework.test.context.support.AbstractDelegatingSmartContextLoader - Delegating to AnnotationConfigContextLoader to process context configuration [ContextConfigurationAttributes@2a556333 declaringClass = 'bc.bg.tools.chronos.configuration.SampleActuatorNoWebApplicationTests', classes = '{}', locations = '{}', inheritLocations = false, initializers = '{}', inheritInitializers = true, name = [null], contextLoaderClass = 'org.springframework.test.context.ContextLoader'].
01:40:29.106 [main] INFO org.springframework.test.context.support.AnnotationConfigContextLoaderUtils - Could not detect default configuration classes for test class [bc.bg.tools.chronos.configuration.SampleActuatorNoWebApplicationTests]: SampleActuatorNoWebApplicationTests does not declare any static, non-private, non-final, nested classes annotated with @Configuration.
01:40:29.112 [main] DEBUG org.springframework.test.context.support.ActiveProfilesUtils - Could not find an 'annotation declaring class' for annotation type [org.springframework.test.context.ActiveProfiles] and class [bc.bg.tools.chronos.configuration.SampleActuatorNoWebApplicationTests]
01:40:29.113 [main] DEBUG org.springframework.test.context.support.DefaultTestContextBootstrapper - @TestExecutionListeners is not present for class [bc.bg.tools.chronos.configuration.SampleActuatorNoWebApplicationTests]: using defaults.
01:40:29.116 [main] INFO org.springframework.test.context.support.DefaultTestContextBootstrapper - Loaded default TestExecutionListener class names from location [META-INF/spring.factories]: [org.springframework.boot.test.mock.mockito.MockitoTestExecutionListener, org.springframework.boot.test.mock.mockito.ResetMocksTestExecutionListener, org.springframework.boot.test.autoconfigure.restdocs.RestDocsTestExecutionListener, org.springframework.boot.test.autoconfigure.web.client.MockRestServiceServerResetTestExecutionListener, org.springframework.boot.test.autoconfigure.web.servlet.MockMvcPrintOnlyOnFailureTestExecutionListener, org.springframework.boot.test.autoconfigure.web.servlet.WebDriverTestExecutionListener, org.springframework.test.context.web.ServletTestExecutionListener, org.springframework.test.context.support.DirtiesContextBeforeModesTestExecutionListener, org.springframework.test.context.support.DependencyInjectionTestExecutionListener, org.springframework.test.context.support.DirtiesContextTestExecutionListener, org.springframework.test.context.transaction.TransactionalTestExecutionListener, org.springframework.test.context.jdbc.SqlScriptsTestExecutionListener]
01:40:29.117 [main] INFO org.springframework.test.context.support.DefaultTestContextBootstrapper - Could not instantiate TestExecutionListener [org.springframework.test.context.web.ServletTestExecutionListener]. Specify custom listener classes or make the default listener classes (and their required dependencies) available. Offending class: [javax/servlet/ServletContext]
01:40:29.117 [main] INFO org.springframework.test.context.support.DefaultTestContextBootstrapper - Using TestExecutionListeners: [org.springframework.test.context.support.DirtiesContextBeforeModesTestExecutionListener@687080dc, org.springframework.test.context.support.DependencyInjectionTestExecutionListener@23d2a7e8, org.springframework.test.context.support.DirtiesContextTestExecutionListener@7a9273a8, org.springframework.test.context.transaction.TransactionalTestExecutionListener@26a7b76d, org.springframework.test.context.jdbc.SqlScriptsTestExecutionListener@4abdb505, org.springframework.boot.test.autoconfigure.web.client.MockRestServiceServerResetTestExecutionListener@7ce6a65d, org.springframework.boot.test.autoconfigure.web.servlet.WebDriverTestExecutionListener@1500955a, org.springframework.boot.test.mock.mockito.MockitoTestExecutionListener@e874448, org.springframework.boot.test.autoconfigure.web.servlet.MockMvcPrintOnlyOnFailureTestExecutionListener@29b5cd00, org.springframework.boot.test.autoconfigure.restdocs.RestDocsTestExecutionListener@60285225, org.springframework.boot.test.mock.mockito.ResetMocksTestExecutionListener@7113b13f]
01:40:29.117 [main] DEBUG org.springframework.test.annotation.ProfileValueUtils - Retrieved @ProfileValueSourceConfiguration [null] for test class [bc.bg.tools.chronos.configuration.SampleActuatorNoWebApplicationTests]
01:40:29.118 [main] DEBUG org.springframework.test.annotation.ProfileValueUtils - Retrieved ProfileValueSource type [class org.springframework.test.annotation.SystemProfileValueSource] for class [bc.bg.tools.chronos.configuration.SampleActuatorNoWebApplicationTests]
01:40:29.118 [main] DEBUG org.springframework.test.annotation.ProfileValueUtils - Retrieved @ProfileValueSourceConfiguration [null] for test class [bc.bg.tools.chronos.configuration.SampleActuatorNoWebApplicationTests]
01:40:29.118 [main] DEBUG org.springframework.test.annotation.ProfileValueUtils - Retrieved ProfileValueSource type [class org.springframework.test.annotation.SystemProfileValueSource] for class [bc.bg.tools.chronos.configuration.SampleActuatorNoWebApplicationTests]
]]></system-out>
  </testcase>
</testsuite>