<?xml version="1.0" encoding="UTF-8"?>
<testsuite name="bc.bg.tools.chronos.configuration.SampleActuatorNoWebApplicationTests" time="0" tests="1" errors="0" skipped="1" failures="0">
  <properties>
[...]
</properties>
  <testcase name="endpointsExist" classname="bc.bg.tools.chronos.configuration.SampleActuatorNoWebApplicationTests" time="0">
    <skipped/>
    <system-out><![CDATA[23:38:56.297 [main] DEBUG org.springframework.test.context.junit4.SpringJUnit4ClassRunner - SpringJUnit4ClassRunner constructor called with [class bc.bg.tools.chronos.configuration.SampleActuatorNoWebApplicationTests]
23:38:56.306 [main] DEBUG org.springframework.test.context.BootstrapUtils - Instantiating CacheAwareContextLoaderDelegate from class [org.springframework.test.context.cache.DefaultCacheAwareContextLoaderDelegate]
23:38:56.320 [main] DEBUG org.springframework.test.context.BootstrapUtils - Instantiating BootstrapContext using constructor [public org.springframework.test.context.support.DefaultBootstrapContext(java.lang.Class,org.springframework.test.context.CacheAwareContextLoaderDelegate)]
23:38:56.331 [main] DEBUG org.springframework.test.context.BootstrapUtils - Instantiating TestContextBootstrapper for test class [bc.bg.tools.chronos.configuration.SampleActuatorNoWebApplicationTests] from class [org.springframework.test.context.support.DefaultTestContextBootstrapper]
23:38:56.348 [main] INFO org.springframework.test.context.support.DefaultTestContextBootstrapper - Neither @ContextConfiguration nor @ContextHierarchy found for test class [bc.bg.tools.chronos.configuration.SampleActuatorNoWebApplicationTests], using DelegatingSmartContextLoader
23:38:56.352 [main] DEBUG org.springframework.test.context.support.AbstractDelegatingSmartContextLoader - Delegating to GenericXmlContextLoader to process context configuration [ContextConfigurationAttributes@28d25987 declaringClass = 'bc.bg.tools.chronos.configuration.SampleActuatorNoWebApplicationTests', classes = '{}', locations = '{}', inheritLocations = false, initializers = '{}', inheritInitializers = true, name = [null], contextLoaderClass = 'org.springframework.test.context.ContextLoader'].
23:38:56.356 [main] DEBUG org.springframework.test.context.support.AbstractContextLoader - Did not detect default resource location for test class [bc.bg.tools.chronos.configuration.SampleActuatorNoWebApplicationTests]: class path resource [bc/bg/tools/chronos/configuration/SampleActuatorNoWebApplicationTests-context.xml] does not exist
23:38:56.356 [main] INFO org.springframework.test.context.support.AbstractContextLoader - Could not detect default resource locations for test class [bc.bg.tools.chronos.configuration.SampleActuatorNoWebApplicationTests]: no resource found for suffixes {-context.xml}.
23:38:56.356 [main] DEBUG org.springframework.test.context.support.AbstractDelegatingSmartContextLoader - Delegating to AnnotationConfigContextLoader to process context configuration [ContextConfigurationAttributes@28d25987 declaringClass = 'bc.bg.tools.chronos.configuration.SampleActuatorNoWebApplicationTests', classes = '{}', locations = '{}', inheritLocations = false, initializers = '{}', inheritInitializers = true, name = [null], contextLoaderClass = 'org.springframework.test.context.ContextLoader'].
23:38:56.357 [main] INFO org.springframework.test.context.support.AnnotationConfigContextLoaderUtils - Could not detect default configuration classes for test class [bc.bg.tools.chronos.configuration.SampleActuatorNoWebApplicationTests]: SampleActuatorNoWebApplicationTests does not declare any static, non-private, non-final, nested classes annotated with @Configuration.
23:38:56.414 [main] DEBUG org.springframework.test.context.support.ActiveProfilesUtils - Could not find an 'annotation declaring class' for annotation type [org.springframework.test.context.ActiveProfiles] and class [bc.bg.tools.chronos.configuration.SampleActuatorNoWebApplicationTests]
23:38:56.414 [main] DEBUG org.springframework.test.context.support.DefaultTestContextBootstrapper - @TestExecutionListeners is not present for class [bc.bg.tools.chronos.configuration.SampleActuatorNoWebApplicationTests]: using defaults.
23:38:56.420 [main] INFO org.springframework.test.context.support.DefaultTestContextBootstrapper - Loaded default TestExecutionListener class names from location [META-INF/spring.factories]: [org.springframework.boot.test.mock.mockito.MockitoTestExecutionListener, org.springframework.boot.test.mock.mockito.ResetMocksTestExecutionListener, org.springframework.boot.test.autoconfigure.restdocs.RestDocsTestExecutionListener, org.springframework.boot.test.autoconfigure.web.client.MockRestServiceServerResetTestExecutionListener, org.springframework.boot.test.autoconfigure.web.servlet.MockMvcPrintOnlyOnFailureTestExecutionListener, org.springframework.boot.test.autoconfigure.web.servlet.WebDriverTestExecutionListener, org.springframework.test.context.web.ServletTestExecutionListener, org.springframework.test.context.support.DirtiesContextBeforeModesTestExecutionListener, org.springframework.test.context.support.DependencyInjectionTestExecutionListener, org.springframework.test.context.support.DirtiesContextTestExecutionListener, org.springframework.test.context.transaction.TransactionalTestExecutionListener, org.springframework.test.context.jdbc.SqlScriptsTestExecutionListener]
23:38:56.440 [main] INFO org.springframework.test.context.support.DefaultTestContextBootstrapper - Could not instantiate TestExecutionListener [org.springframework.test.context.web.ServletTestExecutionListener]. Specify custom listener classes or make the default listener classes (and their required dependencies) available. Offending class: [javax/servlet/ServletContext]
23:38:56.441 [main] INFO org.springframework.test.context.support.DefaultTestContextBootstrapper - Using TestExecutionListeners: [org.springframework.test.context.support.DirtiesContextBeforeModesTestExecutionListener@305fd85d, org.springframework.test.context.support.DependencyInjectionTestExecutionListener@458c1321, org.springframework.test.context.support.DirtiesContextTestExecutionListener@11438d26, org.springframework.test.context.transaction.TransactionalTestExecutionListener@34cd072c, org.springframework.test.context.jdbc.SqlScriptsTestExecutionListener@7a1ebcd8, org.springframework.boot.test.autoconfigure.web.servlet.WebDriverTestExecutionListener@5faeada1, org.springframework.boot.test.autoconfigure.web.client.MockRestServiceServerResetTestExecutionListener@528931cf, org.springframework.boot.test.mock.mockito.MockitoTestExecutionListener@ea1a8d5, org.springframework.boot.test.mock.mockito.ResetMocksTestExecutionListener@1563da5, org.springframework.boot.test.autoconfigure.web.servlet.MockMvcPrintOnlyOnFailureTestExecutionListener@2bbf4b8b, org.springframework.boot.test.autoconfigure.restdocs.RestDocsTestExecutionListener@30a3107a]
23:38:56.445 [main] DEBUG org.springframework.test.annotation.ProfileValueUtils - Retrieved @ProfileValueSourceConfiguration [null] for test class [bc.bg.tools.chronos.configuration.SampleActuatorNoWebApplicationTests]
23:38:56.446 [main] DEBUG org.springframework.test.annotation.ProfileValueUtils - Retrieved ProfileValueSource type [class org.springframework.test.annotation.SystemProfileValueSource] for class [bc.bg.tools.chronos.configuration.SampleActuatorNoWebApplicationTests]
23:38:56.448 [main] DEBUG org.springframework.test.context.junit4.SpringJUnit4ClassRunner - SpringJUnit4ClassRunner constructor called with [class bc.bg.tools.chronos.configuration.SampleActuatorNoWebApplicationTests]
23:38:56.448 [main] DEBUG org.springframework.test.context.BootstrapUtils - Instantiating CacheAwareContextLoaderDelegate from class [org.springframework.test.context.cache.DefaultCacheAwareContextLoaderDelegate]
23:38:56.448 [main] DEBUG org.springframework.test.context.BootstrapUtils - Instantiating BootstrapContext using constructor [public org.springframework.test.context.support.DefaultBootstrapContext(java.lang.Class,org.springframework.test.context.CacheAwareContextLoaderDelegate)]
23:38:56.448 [main] DEBUG org.springframework.test.context.BootstrapUtils - Instantiating TestContextBootstrapper for test class [bc.bg.tools.chronos.configuration.SampleActuatorNoWebApplicationTests] from class [org.springframework.test.context.support.DefaultTestContextBootstrapper]
23:38:56.449 [main] INFO org.springframework.test.context.support.DefaultTestContextBootstrapper - Neither @ContextConfiguration nor @ContextHierarchy found for test class [bc.bg.tools.chronos.configuration.SampleActuatorNoWebApplicationTests], using DelegatingSmartContextLoader
23:38:56.449 [main] DEBUG org.springframework.test.context.support.AbstractDelegatingSmartContextLoader - Delegating to GenericXmlContextLoader to process context configuration [ContextConfigurationAttributes@3dfc5fb8 declaringClass = 'bc.bg.tools.chronos.configuration.SampleActuatorNoWebApplicationTests', classes = '{}', locations = '{}', inheritLocations = false, initializers = '{}', inheritInitializers = true, name = [null], contextLoaderClass = 'org.springframework.test.context.ContextLoader'].
23:38:56.450 [main] DEBUG org.springframework.test.context.support.AbstractContextLoader - Did not detect default resource location for test class [bc.bg.tools.chronos.configuration.SampleActuatorNoWebApplicationTests]: class path resource [bc/bg/tools/chronos/configuration/SampleActuatorNoWebApplicationTests-context.xml] does not exist
23:38:56.450 [main] INFO org.springframework.test.context.support.AbstractContextLoader - Could not detect default resource locations for test class [bc.bg.tools.chronos.configuration.SampleActuatorNoWebApplicationTests]: no resource found for suffixes {-context.xml}.
23:38:56.450 [main] DEBUG org.springframework.test.context.support.AbstractDelegatingSmartContextLoader - Delegating to AnnotationConfigContextLoader to process context configuration [ContextConfigurationAttributes@3dfc5fb8 declaringClass = 'bc.bg.tools.chronos.configuration.SampleActuatorNoWebApplicationTests', classes = '{}', locations = '{}', inheritLocations = false, initializers = '{}', inheritInitializers = true, name = [null], contextLoaderClass = 'org.springframework.test.context.ContextLoader'].
23:38:56.450 [main] INFO org.springframework.test.context.support.AnnotationConfigContextLoaderUtils - Could not detect default configuration classes for test class [bc.bg.tools.chronos.configuration.SampleActuatorNoWebApplicationTests]: SampleActuatorNoWebApplicationTests does not declare any static, non-private, non-final, nested classes annotated with @Configuration.
23:38:56.457 [main] DEBUG org.springframework.test.context.support.ActiveProfilesUtils - Could not find an 'annotation declaring class' for annotation type [org.springframework.test.context.ActiveProfiles] and class [bc.bg.tools.chronos.configuration.SampleActuatorNoWebApplicationTests]
23:38:56.457 [main] DEBUG org.springframework.test.context.support.DefaultTestContextBootstrapper - @TestExecutionListeners is not present for class [bc.bg.tools.chronos.configuration.SampleActuatorNoWebApplicationTests]: using defaults.
23:38:56.462 [main] INFO org.springframework.test.context.support.DefaultTestContextBootstrapper - Loaded default TestExecutionListener class names from location [META-INF/spring.factories]: [org.springframework.boot.test.mock.mockito.MockitoTestExecutionListener, org.springframework.boot.test.mock.mockito.ResetMocksTestExecutionListener, org.springframework.boot.test.autoconfigure.restdocs.RestDocsTestExecutionListener, org.springframework.boot.test.autoconfigure.web.client.MockRestServiceServerResetTestExecutionListener, org.springframework.boot.test.autoconfigure.web.servlet.MockMvcPrintOnlyOnFailureTestExecutionListener, org.springframework.boot.test.autoconfigure.web.servlet.WebDriverTestExecutionListener, org.springframework.test.context.web.ServletTestExecutionListener, org.springframework.test.context.support.DirtiesContextBeforeModesTestExecutionListener, org.springframework.test.context.support.DependencyInjectionTestExecutionListener, org.springframework.test.context.support.DirtiesContextTestExecutionListener, org.springframework.test.context.transaction.TransactionalTestExecutionListener, org.springframework.test.context.jdbc.SqlScriptsTestExecutionListener]
23:38:56.463 [main] INFO org.springframework.test.context.support.DefaultTestContextBootstrapper - Could not instantiate TestExecutionListener [org.springframework.test.context.web.ServletTestExecutionListener]. Specify custom listener classes or make the default listener classes (and their required dependencies) available. Offending class: [javax/servlet/ServletContext]
23:38:56.464 [main] INFO org.springframework.test.context.support.DefaultTestContextBootstrapper - Using TestExecutionListeners: [org.springframework.test.context.support.DirtiesContextBeforeModesTestExecutionListener@4abdb505, org.springframework.test.context.support.DependencyInjectionTestExecutionListener@7ce6a65d, org.springframework.test.context.support.DirtiesContextTestExecutionListener@1500955a, org.springframework.test.context.transaction.TransactionalTestExecutionListener@e874448, org.springframework.test.context.jdbc.SqlScriptsTestExecutionListener@29b5cd00, org.springframework.boot.test.autoconfigure.web.servlet.WebDriverTestExecutionListener@60285225, org.springframework.boot.test.autoconfigure.web.client.MockRestServiceServerResetTestExecutionListener@7113b13f, org.springframework.boot.test.mock.mockito.MockitoTestExecutionListener@45820e51, org.springframework.boot.test.mock.mockito.ResetMocksTestExecutionListener@42d8062c, org.springframework.boot.test.autoconfigure.web.servlet.MockMvcPrintOnlyOnFailureTestExecutionListener@6043cd28, org.springframework.boot.test.autoconfigure.restdocs.RestDocsTestExecutionListener@cb51256]
23:38:56.464 [main] DEBUG org.springframework.test.annotation.ProfileValueUtils - Retrieved @ProfileValueSourceConfiguration [null] for test class [bc.bg.tools.chronos.configuration.SampleActuatorNoWebApplicationTests]
23:38:56.464 [main] DEBUG org.springframework.test.annotation.ProfileValueUtils - Retrieved ProfileValueSource type [class org.springframework.test.annotation.SystemProfileValueSource] for class [bc.bg.tools.chronos.configuration.SampleActuatorNoWebApplicationTests]
23:38:56.465 [main] DEBUG org.springframework.test.annotation.ProfileValueUtils - Retrieved @ProfileValueSourceConfiguration [null] for test class [bc.bg.tools.chronos.configuration.SampleActuatorNoWebApplicationTests]
23:38:56.465 [main] DEBUG org.springframework.test.annotation.ProfileValueUtils - Retrieved ProfileValueSource type [class org.springframework.test.annotation.SystemProfileValueSource] for class [bc.bg.tools.chronos.configuration.SampleActuatorNoWebApplicationTests]
]]></system-out>
  </testcase>
</testsuite>